Using pre-set license
Built from '2020.3/staging' branch; Version is '2020.3.11f1 (99c7afb366b3) revision 10078127'; Using compiler version '192528614'; Build Type 'Release'
OS: 'Windows 10 Pro; OS build 19041.1052; Version 2004; 64bit' Language: 'de' Physical Memory: 16335 MB
BatchMode: 1, IsHumanControllingUs: 0, StartBugReporterOnCrash: 0, Is64bit: 1, IsPro: 0

 COMMAND LINE ARGUMENTS:
C:\Program Files (x86)\2020.3.11f1\Editor\Unity.exe
-adb2
-batchMode
-noUpm
-name
AssetImportWorker0
-projectPath
E:/GitHub/DUCKHUNT/DuckHunt/GameClient
-logFile
Logs/AssetImportWorker0.log
-srvPort
63159
Successfully changed project path to: E:/GitHub/DUCKHUNT/DuckHunt/GameClient
E:/GitHub/DUCKHUNT/DuckHunt/GameClient
Using Asset Import Pipeline V2.
Refreshing native plugins compatible for Editor in 29.11 ms, found 2 plugins.
Preloading 0 native plugins for Editor in 0.00 ms.
Initialize engine version: 2020.3.11f1 (99c7afb366b3)
[Subsystems] Discovering subsystems at path C:/Program Files (x86)/2020.3.11f1/Editor/Data/Resources/UnitySubsystems
[Subsystems] Discovering subsystems at path E:/GitHub/DUCKHUNT/DuckHunt/GameClient/Assets
GfxDevice: creating device client; threaded=0
Direct3D:
    Version:  Direct3D 11.0 [level 11.1]
    Renderer: NVIDIA GeForce RTX 2060 (ID=0x1e89)
    Vendor:   
    VRAM:     5968 MB
    Driver:   27.21.14.6677
Initialize mono
Mono path[0] = 'C:/Program Files (x86)/2020.3.11f1/Editor/Data/Managed'
Mono path[1] = 'C:/Program Files (x86)/2020.3.11f1/Editor/Data/MonoBleedingEdge/lib/mono/unityjit'
Mono config path = 'C:/Program Files (x86)/2020.3.11f1/Editor/Data/MonoBleedingEdge/etc'
Using monoOptions --debugger-agent=transport=dt_socket,embedding=1,server=y,suspend=n,address=127.0.0.1:56004
Begin MonoManager ReloadAssembly
Registering precompiled unity dll's ...
Register platform support module: C:/Program Files (x86)/2020.3.11f1/Editor/Data/PlaybackEngines/WindowsStandaloneSupport/UnityEditor.WindowsStandalone.Extensions.dll
Registered in 0.002108 seconds.
Native extension for WindowsStandalone target not found
Refreshing native plugins compatible for Editor in 29.09 ms, found 2 plugins.
Preloading 0 native plugins for Editor in 0.00 ms.
Mono: successfully reloaded assembly
- Completed reload, in  0.813 seconds
Platform modules already initialized, skipping
Registering precompiled user dll's ...
Registered in 0.002010 seconds.
Begin MonoManager ReloadAssembly
Native extension for WindowsStandalone target not found
Refreshing native plugins compatible for Editor in 0.37 ms, found 2 plugins.
Preloading 0 native plugins for Editor in 0.00 ms.
Mono: successfully reloaded assembly
- Completed reload, in  0.828 seconds
Platform modules already initialized, skipping
========================================================================
Worker process is ready to serve import requests
Launched and connected shader compiler UnityShaderCompiler.exe after 0.04 seconds
Refreshing native plugins compatible for Editor in 0.55 ms, found 2 plugins.
Preloading 0 native plugins for Editor in 0.00 ms.
Unloading 1523 Unused Serialized files (Serialized files now loaded: 0)
System memory in use before: 75.1 MB.
System memory in use after: 75.2 MB.

Unloading 18 unused Assets to reduce memory usage. Loaded Objects now: 1960.
Total: 1.931300 ms (FindLiveObjects: 0.198700 ms CreateObjectMapping: 0.036400 ms MarkObjects: 1.633400 ms  DeleteObjects: 0.061700 ms)

========================================================================
Received Import Request.
  path: Assets/Multiplayer/Scenes/Game.unity
  artifactKey: Guid(3c480f0cfc32ace4693e3e03a67ed96e) Importer(815301076,1909f56bfc062723c751e8b465ee728b)
Start importing Assets/Multiplayer/Scenes/Game.unity using Guid(3c480f0cfc32ace4693e3e03a67ed96e) Importer(815301076,1909f56bfc062723c751e8b465ee728b)  -> (artifact id: '5139745200f0236b06e99c3774d21fc2') in 0.030454 seconds
  Import took 0.033114 seconds .

========================================================================
Received Import Request.
  Time since last request: 14.217916 seconds.
  path: Assets/ExampleAssets
  artifactKey: Guid(70c86c9d4d2859a4eb427c0338408cc8) Importer(815301076,1909f56bfc062723c751e8b465ee728b)
Start importing Assets/ExampleAssets using Guid(70c86c9d4d2859a4eb427c0338408cc8) Importer(815301076,1909f56bfc062723c751e8b465ee728b)  -> (artifact id: '9766b867685e59aad13ff128b02769d7') in 0.022061 seconds
  Import took 0.024795 seconds .

========================================================================
Received Import Request.
  Time since last request: 99.573823 seconds.
  path: Assets/Maps
  artifactKey: Guid(deaa062928da4d74b888b338ee397612) Importer(815301076,1909f56bfc062723c751e8b465ee728b)
Start importing Assets/Maps using Guid(deaa062928da4d74b888b338ee397612) Importer(815301076,1909f56bfc062723c751e8b465ee728b)  -> (artifact id: 'd92b61a594744e04074720746dbfdf60') in 0.022800 seconds
  Import took 0.025807 seconds .

========================================================================
Received Import Request.
  Time since last request: 25.389132 seconds.
  path: Assets/Maps/Farm
  artifactKey: Guid(735e1102f148a2a40b35dc80e043bc70) Importer(815301076,1909f56bfc062723c751e8b465ee728b)
Start importing Assets/Maps/Farm using Guid(735e1102f148a2a40b35dc80e043bc70) Importer(815301076,1909f56bfc062723c751e8b465ee728b)  -> (artifact id: '0f58f7ee655c85b6a49b6c140685bf56') in 0.020519 seconds
  Import took 0.023068 seconds .

========================================================================
Received Import Request.
  Time since last request: 17.798164 seconds.
  path: Assets/Maps/Farm/Farm.unity
  artifactKey: Guid(da38fababc788f445bda914362c9ba54) Importer(815301076,1909f56bfc062723c751e8b465ee728b)
Start importing Assets/Maps/Farm/Farm.unity using Guid(da38fababc788f445bda914362c9ba54) Importer(815301076,1909f56bfc062723c751e8b465ee728b)  -> (artifact id: '1535aa67f9380139456529c04ffa2e07') in 0.023608 seconds
  Import took 0.025973 seconds .

========================================================================
Received Import Request.
  Time since last request: 671.025156 seconds.
  path: Assets/Maps/Farm/uploads_files_2156679_farm.blend
  artifactKey: Guid(5f54974b2148a944b9aae9e948a04407) Importer(815301076,1909f56bfc062723c751e8b465ee728b)
Start importing Assets/Maps/Farm/uploads_files_2156679_farm.blend using Guid(5f54974b2148a944b9aae9e948a04407) Importer(815301076,1909f56bfc062723c751e8b465ee728b)  -> (artifact id: 'abaf5142e54fdb74a2d4b829279ddb04') in 0.035988 seconds
  Import took 0.038579 seconds .

========================================================================
Received Import Request.
  Time since last request: 0.000255 seconds.
  path: Assets/Maps/Farm/uploads_files_2156679_farm.blend
  artifactKey: Guid(5f54974b2148a944b9aae9e948a04407) Importer(815301076,1909f56bfc062723c751e8b465ee728b)
Start importing Assets/Maps/Farm/uploads_files_2156679_farm.blend using Guid(5f54974b2148a944b9aae9e948a04407) Importer(815301076,1909f56bfc062723c751e8b465ee728b)  -> (artifact id: 'abaf5142e54fdb74a2d4b829279ddb04') in 0.023458 seconds
  Import took 0.025982 seconds .

========================================================================
Received Import Request.
  Time since last request: 201.314615 seconds.
  path: Assets/Maps/Farm/uploads_files_2156679_farm.obj
  artifactKey: Guid(1fadb462b33ab7c4694685b9e39c4d15) Importer(815301076,1909f56bfc062723c751e8b465ee728b)
Start importing Assets/Maps/Farm/uploads_files_2156679_farm.obj using Guid(1fadb462b33ab7c4694685b9e39c4d15) Importer(815301076,1909f56bfc062723c751e8b465ee728b)  -> (artifact id: '3c241d4ad95f3506560443908beee38d') in 0.130176 seconds
  Import took 0.132838 seconds .

AssetImportWorkerClient::OnTransportError - code=2 error=End of file
