Using pre-set license
Built from '2020.3/staging' branch; Version is '2020.3.11f1 (99c7afb366b3) revision 10078127'; Using compiler version '192528614'; Build Type 'Release'
OS: 'Windows 10 Pro; OS build 19042.1052; Version 2009; 64bit' Language: 'de' Physical Memory: 16336 MB
BatchMode: 1, IsHumanControllingUs: 0, StartBugReporterOnCrash: 0, Is64bit: 1, IsPro: 0

 COMMAND LINE ARGUMENTS:
D:\Egines\Unity\2020.3.11f1\Editor\Unity.exe
-adb2
-batchMode
-noUpm
-name
AssetImportWorker0
-projectPath
D:/.Projects/GitHub/DUCKHUNT/DuckHunt/GameClient
-logFile
Logs/AssetImportWorker0.log
-srvPort
51442
Successfully changed project path to: D:/.Projects/GitHub/DUCKHUNT/DuckHunt/GameClient
D:/.Projects/GitHub/DUCKHUNT/DuckHunt/GameClient
Using Asset Import Pipeline V2.
Refreshing native plugins compatible for Editor in 42.04 ms, found 2 plugins.
Preloading 0 native plugins for Editor in 0.00 ms.
Initialize engine version: 2020.3.11f1 (99c7afb366b3)
[Subsystems] Discovering subsystems at path D:/Egines/Unity/2020.3.11f1/Editor/Data/Resources/UnitySubsystems
[Subsystems] Discovering subsystems at path D:/.Projects/GitHub/DUCKHUNT/DuckHunt/GameClient/Assets
GfxDevice: creating device client; threaded=0
Direct3D:
    Version:  Direct3D 11.0 [level 11.1]
    Renderer: NVIDIA GeForce RTX 2070 SUPER (ID=0x1e84)
    Vendor:   
    VRAM:     8011 MB
    Driver:   27.21.14.6663
Initialize mono
Mono path[0] = 'D:/Egines/Unity/2020.3.11f1/Editor/Data/Managed'
Mono path[1] = 'D:/Egines/Unity/2020.3.11f1/Editor/Data/MonoBleedingEdge/lib/mono/unityjit'
Mono config path = 'D:/Egines/Unity/2020.3.11f1/Editor/Data/MonoBleedingEdge/etc'
Using monoOptions --debugger-agent=transport=dt_socket,embedding=1,server=y,suspend=n,address=127.0.0.1:56320
Begin MonoManager ReloadAssembly
Registering precompiled unity dll's ...
Register platform support module: D:/Egines/Unity/2020.3.11f1/Editor/Data/PlaybackEngines/WebGLSupport/UnityEditor.WebGL.Extensions.dll
Register platform support module: D:/Egines/Unity/2020.3.11f1/Editor/Data/PlaybackEngines/WindowsStandaloneSupport/UnityEditor.WindowsStandalone.Extensions.dll
Registered in 0.001812 seconds.
Native extension for WindowsStandalone target not found
Native extension for WebGL target not found
Refreshing native plugins compatible for Editor in 31.85 ms, found 2 plugins.
Preloading 0 native plugins for Editor in 0.00 ms.
Mono: successfully reloaded assembly
- Completed reload, in  1.460 seconds
Platform modules already initialized, skipping
Registering precompiled user dll's ...
Registered in 0.014157 seconds.
Begin MonoManager ReloadAssembly
Native extension for WindowsStandalone target not found
Native extension for WebGL target not found
Refreshing native plugins compatible for Editor in 0.48 ms, found 2 plugins.
Preloading 0 native plugins for Editor in 0.00 ms.
Mono: successfully reloaded assembly
- Completed reload, in  1.129 seconds
Platform modules already initialized, skipping
========================================================================
Worker process is ready to serve import requests
Launched and connected shader compiler UnityShaderCompiler.exe after 0.07 seconds
Refreshing native plugins compatible for Editor in 0.43 ms, found 2 plugins.
Preloading 0 native plugins for Editor in 0.00 ms.
Unloading 1542 Unused Serialized files (Serialized files now loaded: 0)
System memory in use before: 75.9 MB.
System memory in use after: 76.0 MB.

Unloading 36 unused Assets to reduce memory usage. Loaded Objects now: 1961.
Total: 1.814900 ms (FindLiveObjects: 0.155900 ms CreateObjectMapping: 0.036400 ms MarkObjects: 1.560500 ms  DeleteObjects: 0.061100 ms)

========================================================================
Received Import Request.
  path: Assets/Scenes/MainMenu/S_MainMenu.unity
  artifactKey: Guid(b1a0de5046cac1c4890c41f681c83eb1) Importer(815301076,1909f56bfc062723c751e8b465ee728b)
Start importing Assets/Scenes/MainMenu/S_MainMenu.unity using Guid(b1a0de5046cac1c4890c41f681c83eb1) Importer(815301076,1909f56bfc062723c751e8b465ee728b)  -> (artifact id: '87b6c3990514dac51b2aaab89ade05dd') in 0.014381 seconds
  Import took 0.016648 seconds .

========================================================================
Received Import Request.
  Time since last request: 1.131631 seconds.
  path: Assets/Scenes/MainMenu/S_MainMenu.unity
  artifactKey: Guid(b1a0de5046cac1c4890c41f681c83eb1) Importer(815301076,1909f56bfc062723c751e8b465ee728b)
Start importing Assets/Scenes/MainMenu/S_MainMenu.unity using Guid(b1a0de5046cac1c4890c41f681c83eb1) Importer(815301076,1909f56bfc062723c751e8b465ee728b)  -> (artifact id: '87b6c3990514dac51b2aaab89ade05dd') in 0.007245 seconds
  Import took 0.009662 seconds .

