Using pre-set license
Built from '2020.3/staging' branch; Version is '2020.3.11f1 (99c7afb366b3) revision 10078127'; Using compiler version '192528614'; Build Type 'Release'
OS: 'Windows 10 Pro; OS build 19042.1052; Version 2009; 64bit' Language: 'de' Physical Memory: 16336 MB
BatchMode: 1, IsHumanControllingUs: 0, StartBugReporterOnCrash: 0, Is64bit: 1, IsPro: 0

 COMMAND LINE ARGUMENTS:
D:\Egines\Unity\2020.3.11f1\Editor\Unity.exe
-adb2
-batchMode
-noUpm
-name
AssetImportWorker0
-projectPath
D:/.Projects/GitHub/DUCKHUNT/DuckHunt/UnityGameServer
-logFile
Logs/AssetImportWorker0.log
-srvPort
62477
Successfully changed project path to: D:/.Projects/GitHub/DUCKHUNT/DuckHunt/UnityGameServer
D:/.Projects/GitHub/DUCKHUNT/DuckHunt/UnityGameServer
Using Asset Import Pipeline V2.
Refreshing native plugins compatible for Editor in 31.82 ms, found 2 plugins.
Preloading 0 native plugins for Editor in 0.00 ms.
Initialize engine version: 2020.3.11f1 (99c7afb366b3)
[Subsystems] Discovering subsystems at path D:/Egines/Unity/2020.3.11f1/Editor/Data/Resources/UnitySubsystems
[Subsystems] Discovering subsystems at path D:/.Projects/GitHub/DUCKHUNT/DuckHunt/UnityGameServer/Assets
GfxDevice: creating device client; threaded=0
Direct3D:
    Version:  Direct3D 11.0 [level 11.1]
    Renderer: NVIDIA GeForce RTX 2070 SUPER (ID=0x1e84)
    Vendor:   
    VRAM:     8011 MB
    Driver:   27.21.14.6663
Initialize mono
Mono path[0] = 'D:/Egines/Unity/2020.3.11f1/Editor/Data/Managed'
Mono path[1] = 'D:/Egines/Unity/2020.3.11f1/Editor/Data/MonoBleedingEdge/lib/mono/unityjit'
Mono config path = 'D:/Egines/Unity/2020.3.11f1/Editor/Data/MonoBleedingEdge/etc'
Using monoOptions --debugger-agent=transport=dt_socket,embedding=1,server=y,suspend=n,address=127.0.0.1:56300
Begin MonoManager ReloadAssembly
Registering precompiled unity dll's ...
Register platform support module: D:/Egines/Unity/2020.3.11f1/Editor/Data/PlaybackEngines/WebGLSupport/UnityEditor.WebGL.Extensions.dll
Register platform support module: D:/Egines/Unity/2020.3.11f1/Editor/Data/PlaybackEngines/WindowsStandaloneSupport/UnityEditor.WindowsStandalone.Extensions.dll
Registered in 0.001815 seconds.
Native extension for WindowsStandalone target not found
Native extension for WebGL target not found
Refreshing native plugins compatible for Editor in 28.93 ms, found 2 plugins.
Preloading 0 native plugins for Editor in 0.00 ms.
Mono: successfully reloaded assembly
- Completed reload, in  1.616 seconds
Platform modules already initialized, skipping
Registering precompiled user dll's ...
Registered in 0.004741 seconds.
Begin MonoManager ReloadAssembly
Native extension for WindowsStandalone target not found
Native extension for WebGL target not found
Refreshing native plugins compatible for Editor in 0.29 ms, found 2 plugins.
Preloading 0 native plugins for Editor in 0.00 ms.
Mono: successfully reloaded assembly
- Completed reload, in  1.071 seconds
Platform modules already initialized, skipping
========================================================================
Worker process is ready to serve import requests
Launched and connected shader compiler UnityShaderCompiler.exe after 0.06 seconds
Refreshing native plugins compatible for Editor in 0.29 ms, found 2 plugins.
Preloading 0 native plugins for Editor in 0.00 ms.
Unloading 1395 Unused Serialized files (Serialized files now loaded: 0)
System memory in use before: 64.9 MB.
System memory in use after: 64.9 MB.

Unloading 19 unused Assets to reduce memory usage. Loaded Objects now: 1828.
Total: 2.957700 ms (FindLiveObjects: 0.314200 ms CreateObjectMapping: 0.035200 ms MarkObjects: 2.499200 ms  DeleteObjects: 0.106200 ms)

========================================================================
Received Import Request.
  path: Assets/Scripts/Player.cs
  artifactKey: Guid(10a3aab0770abde4b94f5c2dbbb4ec43) Importer(815301076,1909f56bfc062723c751e8b465ee728b)
Start importing Assets/Scripts/Player.cs using Guid(10a3aab0770abde4b94f5c2dbbb4ec43) Importer(815301076,1909f56bfc062723c751e8b465ee728b)  -> (artifact id: 'c43ffebed2dbd4598143dae3d613e95a') in 0.041273 seconds
  Import took 0.046791 seconds .

========================================================================
Received Import Request.
  Time since last request: 0.000261 seconds.
  path: Assets/Scripts/Packet.cs
  artifactKey: Guid(ec3427c8daef48b40afa30470a806258) Importer(815301076,1909f56bfc062723c751e8b465ee728b)
Start importing Assets/Scripts/Packet.cs using Guid(ec3427c8daef48b40afa30470a806258) Importer(815301076,1909f56bfc062723c751e8b465ee728b)  -> (artifact id: 'd0ac6a001f6f28b0e90bfdc9c9ab1011') in 0.006098 seconds
  Import took 0.008729 seconds .

========================================================================
Received Import Request.
  Time since last request: 75.090426 seconds.
  path: Assets/Scripts/NetworkManager.cs
  artifactKey: Guid(4693e9532c2c5c8438cf1b69f92ef2fc) Importer(815301076,1909f56bfc062723c751e8b465ee728b)
Start importing Assets/Scripts/NetworkManager.cs using Guid(4693e9532c2c5c8438cf1b69f92ef2fc) Importer(815301076,1909f56bfc062723c751e8b465ee728b)  -> (artifact id: '0c647f06e21c211380b645c7f2058e1b') in 0.006170 seconds
  Import took 0.008983 seconds .

========================================================================
Received Prepare
Registering precompiled user dll's ...
Registered in 0.005263 seconds.
Begin MonoManager ReloadAssembly
Native extension for WindowsStandalone target not found
Native extension for WebGL target not found
Refreshing native plugins compatible for Editor in 0.30 ms, found 2 plugins.
Preloading 0 native plugins for Editor in 0.00 ms.
Mono: successfully reloaded assembly
- Completed reload, in  1.087 seconds
Platform modules already initialized, skipping
Refreshing native plugins compatible for Editor in 0.56 ms, found 2 plugins.
Preloading 0 native plugins for Editor in 0.00 ms.
Unloading 1390 Unused Serialized files (Serialized files now loaded: 0)
System memory in use before: 64.8 MB.
System memory in use after: 64.9 MB.

Unloading 14 unused Assets to reduce memory usage. Loaded Objects now: 1831.
Total: 2.685100 ms (FindLiveObjects: 0.276100 ms CreateObjectMapping: 0.052700 ms MarkObjects: 2.285600 ms  DeleteObjects: 0.069000 ms)

========================================================================
Received Import Request.
  Time since last request: 273.039774 seconds.
  path: Assets/Scripts/NetworkManager.cs
  artifactKey: Guid(4693e9532c2c5c8438cf1b69f92ef2fc) Importer(815301076,1909f56bfc062723c751e8b465ee728b)
Start importing Assets/Scripts/NetworkManager.cs using Guid(4693e9532c2c5c8438cf1b69f92ef2fc) Importer(815301076,1909f56bfc062723c751e8b465ee728b)  -> (artifact id: '559ff5fcbd57a796c27090441f9599b5') in 0.007276 seconds
  Import took 0.010207 seconds .

========================================================================
Received Import Request.
  Time since last request: 0.025589 seconds.
  path: Assets/Scripts/NetworkManager.cs
  artifactKey: Guid(4693e9532c2c5c8438cf1b69f92ef2fc) Importer(815301076,1909f56bfc062723c751e8b465ee728b)
Start importing Assets/Scripts/NetworkManager.cs using Guid(4693e9532c2c5c8438cf1b69f92ef2fc) Importer(815301076,1909f56bfc062723c751e8b465ee728b)  -> (artifact id: '559ff5fcbd57a796c27090441f9599b5') in 0.004867 seconds
  Import took 0.007369 seconds .

========================================================================
Received Prepare
Registering precompiled user dll's ...
Registered in 0.005792 seconds.
Begin MonoManager ReloadAssembly
Native extension for WindowsStandalone target not found
Native extension for WebGL target not found
Refreshing native plugins compatible for Editor in 0.30 ms, found 2 plugins.
Preloading 0 native plugins for Editor in 0.00 ms.
Mono: successfully reloaded assembly
- Completed reload, in  1.005 seconds
Platform modules already initialized, skipping
Refreshing native plugins compatible for Editor in 0.37 ms, found 2 plugins.
Preloading 0 native plugins for Editor in 0.00 ms.
Unloading 1390 Unused Serialized files (Serialized files now loaded: 0)
System memory in use before: 64.8 MB.
System memory in use after: 64.9 MB.

Unloading 14 unused Assets to reduce memory usage. Loaded Objects now: 1834.
Total: 1.780200 ms (FindLiveObjects: 0.150100 ms CreateObjectMapping: 0.032800 ms MarkObjects: 1.543000 ms  DeleteObjects: 0.053100 ms)

========================================================================
Received Prepare
Registering precompiled user dll's ...
Registered in 0.005533 seconds.
Begin MonoManager ReloadAssembly
Native extension for WindowsStandalone target not found
Native extension for WebGL target not found
Refreshing native plugins compatible for Editor in 0.33 ms, found 2 plugins.
Preloading 0 native plugins for Editor in 0.00 ms.
Mono: successfully reloaded assembly
- Completed reload, in  1.118 seconds
Platform modules already initialized, skipping
Refreshing native plugins compatible for Editor in 0.33 ms, found 2 plugins.
Preloading 0 native plugins for Editor in 0.00 ms.
Unloading 1390 Unused Serialized files (Serialized files now loaded: 0)
System memory in use before: 64.8 MB.
System memory in use after: 64.9 MB.

Unloading 14 unused Assets to reduce memory usage. Loaded Objects now: 1837.
Total: 2.017100 ms (FindLiveObjects: 0.162700 ms CreateObjectMapping: 0.032900 ms MarkObjects: 1.747600 ms  DeleteObjects: 0.072400 ms)

========================================================================
Received Import Request.
  Time since last request: 340.110295 seconds.
  path: Assets/Prefabs/Player.prefab
  artifactKey: Guid(28356974c7337f046a4d87eaf2777d62) Importer(815301076,1909f56bfc062723c751e8b465ee728b)
Start importing Assets/Prefabs/Player.prefab using Guid(28356974c7337f046a4d87eaf2777d62) Importer(815301076,1909f56bfc062723c751e8b465ee728b)  -> (artifact id: 'db57f451e7fc0fdad2b6b7b901886dc5') in 0.038607 seconds
  Import took 0.045832 seconds .

========================================================================
Received Import Request.
  Time since last request: 0.018776 seconds.
  path: Assets/Prefabs/Player.prefab
  artifactKey: Guid(28356974c7337f046a4d87eaf2777d62) Importer(815301076,1909f56bfc062723c751e8b465ee728b)
Start importing Assets/Prefabs/Player.prefab using Guid(28356974c7337f046a4d87eaf2777d62) Importer(815301076,1909f56bfc062723c751e8b465ee728b)  -> (artifact id: 'db57f451e7fc0fdad2b6b7b901886dc5') in 0.007964 seconds
  Import took 0.010776 seconds .

AssetImportWorkerClient::OnTransportError - code=2 error=End of file
